2026-01-21 11:46:38,671 - [ERROR] - ❌ 설정 파일 로드 실패: 'kis'
2026-01-21 11:46:38,673 - [INFO] - [KIS] Real Credentials Loaded.
2026-01-21 11:46:38,674 - [INFO] - ============================================================
2026-01-21 11:46:38,674 - [INFO] - 🚀 ISATS v2.0 'Deep Eyes' 통합 엔진 시작
2026-01-21 11:46:38,675 - [INFO] - 모드: 모의투자
2026-01-21 11:46:38,675 - [INFO] - 대상 종목: 5개
2026-01-21 11:46:38,675 - [INFO] - ============================================================
2026-01-21 11:46:38,676 - [INFO] - 🔑 웹소켓 접속키 발급 요청 중...
2026-01-21 11:46:38,700 - [INFO] - 🧠 데이터 분석 엔진 가동...
2026-01-21 11:46:40,820 - [ERROR] - ❌ 접속키 발급 실패: {"error_description":"secretkey는 필수입니다.","error_code":"EGW00104"}
2026-01-21 11:48:12,222 - [INFO] - ✅ API 키 및 계좌 정보 로드 완료
2026-01-21 11:48:12,223 - [INFO] - [KIS] Real Credentials Loaded.
2026-01-21 11:48:12,223 - [INFO] - ============================================================
2026-01-21 11:48:12,223 - [INFO] - 🚀 ISATS v2.0 'Deep Eyes' 통합 엔진 시작
2026-01-21 11:48:12,223 - [INFO] - 모드: 모의투자
2026-01-21 11:48:12,224 - [INFO] - 대상 종목: 5개
2026-01-21 11:48:12,224 - [INFO] - ============================================================
2026-01-21 11:48:12,224 - [INFO] - 🔑 웹소켓 접속키 발급 요청 중...
2026-01-21 11:48:12,238 - [INFO] - 🧠 데이터 분석 엔진 가동...
2026-01-21 11:48:14,377 - [INFO] - ✅ 접속키 발급 완료: 821aa361-e...
2026-01-21 11:48:14,380 - [INFO] - 🚀 웹소켓 서버 접속 시도: ws://ops.koreainvestment.com:21000
2026-01-21 11:48:14,484 - [INFO] - ✅ 서버 연결 성공! 5개 종목 구독 시작...
2026-01-21 11:48:14,485 - [INFO] - 📡 구독 신청: 005930 (H0STCNT0)
2026-01-21 11:48:14,586 - [INFO] - 📡 구독 신청: 005930 (H0STASP0)
2026-01-21 11:48:14,706 - [INFO] - 📡 구독 신청: 000660 (H0STCNT0)
2026-01-21 11:48:14,786 - [INFO] - 📡 구독 신청: 000660 (H0STASP0)
2026-01-21 11:48:14,902 - [INFO] - 📡 구독 신청: 035420 (H0STCNT0)
2026-01-21 11:48:14,996 - [INFO] - 📡 구독 신청: 035420 (H0STASP0)
2026-01-21 11:48:15,113 - [INFO] - 📡 구독 신청: 035720 (H0STCNT0)
2026-01-21 11:48:15,214 - [INFO] - 📡 구독 신청: 035720 (H0STASP0)
2026-01-21 11:48:15,324 - [INFO] - 📡 구독 신청: 005380 (H0STCNT0)
2026-01-21 11:48:15,429 - [INFO] - 📡 구독 신청: 005380 (H0STASP0)
2026-01-21 11:48:15,534 - [INFO] - ℹ️ 시스템 메시지: H0STCNT0 처리됨
2026-01-21 11:48:15,534 - [INFO] - ℹ️ 시스템 메시지: H0STASP0 처리됨
2026-01-21 11:48:15,535 - [INFO] - ℹ️ 시스템 메시지: H0STCNT0 처리됨
2026-01-21 11:48:15,535 - [INFO] - ℹ️ 시스템 메시지: H0STASP0 처리됨
2026-01-21 11:48:15,535 - [INFO] - ℹ️ 시스템 메시지: H0STCNT0 처리됨
2026-01-21 11:48:15,535 - [INFO] - ℹ️ 시스템 메시지: H0STASP0 처리됨
2026-01-21 11:48:15,535 - [INFO] - ℹ️ 시스템 메시지: H0STCNT0 처리됨
2026-01-21 11:48:15,537 - [INFO] - ℹ️ 시스템 메시지: H0STASP0 처리됨
2026-01-21 11:48:15,537 - [INFO] - ℹ️ 시스템 메시지: H0STCNT0 처리됨
2026-01-21 11:48:15,537 - [INFO] - ℹ️ 시스템 메시지: H0STASP0 처리됨
2026-01-21 12:23:22,607 - [INFO] - ✅ API 키 및 계좌 정보 로드 완료
2026-01-21 12:23:42,480 - [INFO] - ✅ API 키 및 계좌 정보 로드 완료
